gen-apps/Centrelink/Centrelink/app/build/outputs/apk/manifest-merger-debug-report.txt
-- Merging decision tree log ---
manifest
ADDED from AndroidManifest.xml:2:1
	package
		ADDED from AndroidManifest.xml:3:5
		INJECTED from AndroidManifest.xml:0:0
		INJECTED from AndroidManifest.xml:0:0
	android:versionName
		INJECTED from AndroidManifest.xml:0:0
		INJECTED from AndroidManifest.xml:0:0
	xmlns:android
		ADDED from AndroidManifest.xml:2:11
	android:versionCode
		INJECTED from AndroidManifest.xml:0:0
		INJECTED from AndroidManifest.xml:0:0
uses-permission#android.permission.INTERNET
ADDED from AndroidManifest.xml:5:1
	android:name
		ADDED from AndroidManifest.xml:5:18
uses-permission#android.permission.ACCESS_NETWORK_STATE
ADDED from AndroidManifest.xml:6:1
	android:name
		ADDED from AndroidManifest.xml:6:18
permission#com.rappt.centrelink.app.permission.MAPS_RECEIVE
ADDED from AndroidManifest.xml:8:5
	android:protectionLevel
		ADDED from AndroidManifest.xml:10:8
	android:name
		ADDED from AndroidManifest.xml:9:8
uses-feature#0x00020000
ADDED from AndroidManifest.xml:11:5
	android:glEsVersion
		ADDED from AndroidManifest.xml:12:8
	android:required
		ADDED from AndroidManifest.xml:13:8
uses-permission#com.rappt.centrelink.app.permission.MAPS_RECEIVE
ADDED from AndroidManifest.xml:14:5
	android:name
		ADDED from AndroidManifest.xml:14:22
uses-permission#android.permission.WRITE_EXTERNAL_STORAGE
ADDED from AndroidManifest.xml:15:5
	android:name
		ADDED from AndroidManifest.xml:15:22
uses-permission#com.google.android.providers.gsf.permission.READ_GSERVICES
ADDED from AndroidManifest.xml:16:5
	android:name
		ADDED from AndroidManifest.xml:16:22
application
ADDED from AndroidManifest.xml:17:5
MERGED from com.android.support:appcompat-v7:19.1.0:19:5
MERGED from com.android.support:support-v4:21.0.3:16:5
MERGED from com.android.support:support-v4:21.0.3:16:5
MERGED from com.google.android.gms:play-services:4.4.52:18:5
MERGED from com.android.support:support-v4:21.0.3:16:5
	android:label
		ADDED from AndroidManifest.xml:21:9
	android:allowBackup
		ADDED from AndroidManifest.xml:18:9
	android:icon
		ADDED from AndroidManifest.xml:19:9
	android:theme
		ADDED from AndroidManifest.xml:22:9
	android:name
		ADDED from AndroidManifest.xml:20:9
activity#com.rappt.centrelink.app.activities.ExpressActivity_
ADDED from AndroidManifest.xml:23:17
	android:label
		ADDED from AndroidManifest.xml:24:21
	android:name
		ADDED from AndroidManifest.xml:25:21
activity#com.rappt.centrelink.app.activities.LoginActivity_
ADDED from AndroidManifest.xml:27:17
	android:label
		ADDED from AndroidManifest.xml:28:21
	android:name
		ADDED from AndroidManifest.xml:29:21
activity#com.rappt.centrelink.app.activities.HomeActivity_
ADDED from AndroidManifest.xml:31:17
	android:label
		ADDED from AndroidManifest.xml:32:21
	android:name
		ADDED from AndroidManifest.xml:33:21
intent-filter#android.intent.action.MAIN+android.intent.category.LAUNCHER
ADDED from AndroidManifest.xml:34:21
action#android.intent.action.MAIN
ADDED from AndroidManifest.xml:35:25
	android:name
		ADDED from AndroidManifest.xml:35:33
category#android.intent.category.LAUNCHER
ADDED from AndroidManifest.xml:36:25
	android:name
		ADDED from AndroidManifest.xml:36:35
activity#com.rappt.centrelink.app.activities.TabbarActivity_
ADDED from AndroidManifest.xml:39:17
	android:name
		ADDED from AndroidManifest.xml:40:21
meta-data#com.google.android.gms.version
ADDED from AndroidManifest.xml:43:9
	android:value
		ADDED from AndroidManifest.xml:45:13
	android:name
		ADDED from AndroidManifest.xml:44:13
meta-data#com.google.android.maps.v2.API_KEY
ADDED from AndroidManifest.xml:46:9
	android:value
		ADDED from AndroidManifest.xml:48:12
	android:name
		ADDED from AndroidManifest.xml:47:12
uses-sdk
INJECTED from AndroidManifest.xml:0:0 reason: use-sdk injection requested
MERGED from com.android.support:appcompat-v7:19.1.0:18:5
MERGED from com.android.support:support-v4:21.0.3:15:5
MERGED from com.android.support:support-v4:21.0.3:15:5
MERGED from com.google.android.gms:play-services:4.4.52:17:5
MERGED from com.android.support:support-v4:21.0.3:15:5
	android:targetSdkVersion
		INJECTED from AndroidManifest.xml:0:0
		INJECTED from AndroidManifest.xml:0:0
	android:minSdkVersion
		INJECTED from AndroidManifest.xml:0:0
		INJECTED from AndroidManifest.xml:0:0